[11-07 21:48:30]: [INFO] Created column 'regdate' and set the current timestamp, 1636292910596, to all 0 rows
[11-07 21:48:31]: [INFO] SQLite Setup finished
[11-07 21:48:31]: [INFO] No supported permissions system found! Permissions are disabled!
[11-07 21:48:32]: [WARN] WARNING! The protectInventory feature requires ProtocolLib! Disabling it...
[11-07 21:48:32]: [INFO] AuthMe 5.6.0-SNAPSHOT build n.2501 successfully enabled!
[11-07 21:48:32]: [INFO] Downloading GEO IP database, because the old database is older than 30 days or doesn't exist
[11-07 21:48:32]: [WARN] No MaxMind credentials found in the configuration file! GeoIp protections will be disabled.
[11-07 21:48:32]: [INFO] There is no newer GEO IP database uploaded to MaxMind. Using the old one for now.
[11-07 21:48:32]: [WARN] Could not download GeoLiteAPI database [FileNotFoundException]: plugins\AuthMe\GeoLite2-Country.mmdb (系统找不到指定的文件。)
[11-07 21:48:32]: java.io.FileNotFoundException: plugins\AuthMe\GeoLite2-Country.mmdb (系统找不到指定的文件。)
	at java.base/java.io.RandomAccessFile.open0(Native Method)
	at java.base/java.io.RandomAccessFile.open(RandomAccessFile.java:343)
	at java.base/java.io.RandomAccessFile.<init>(RandomAccessFile.java:258)
	at java.base/java.io.RandomAccessFile.<init>(RandomAccessFile.java:213)
	at AuthMe-5.6.0-SNAPSHOT.jar//fr.xephi.authme.libs.com.maxmind.db.BufferHolder.<init>(BufferHolder.java:20)
	at AuthMe-5.6.0-SNAPSHOT.jar//fr.xephi.authme.libs.com.maxmind.db.Reader.<init>(Reader.java:121)
	at AuthMe-5.6.0-SNAPSHOT.jar//fr.xephi.authme.service.GeoIpService.startReading(GeoIpService.java:173)
	at AuthMe-5.6.0-SNAPSHOT.jar//fr.xephi.authme.service.GeoIpService.updateDatabase(GeoIpService.java:144)
	at org.bukkit.craftbukkit.v1_17_R1.scheduler.CraftTask.run(CraftTask.java:101)
	at org.bukkit.craftbukkit.v1_17_R1.scheduler.CraftAsyncTask.run(CraftAsyncTask.java:57)
	at com.destroystokyo.paper.ServerSchedulerReportingWrapper.run(ServerSchedulerReportingWrapper.java:22)
	at java.base/java.util.concurrent.ThreadPoolExecutor.runWorker(ThreadPoolExecutor.java:1130)
	at java.base/java.util.concurrent.ThreadPoolExecutor$Worker.run(ThreadPoolExecutor.java:630)
	at java.base/java.lang.Thread.run(Thread.java:831)

[11-07 22:18:50]: [INFO] SQLite Setup finished
[11-07 22:18:50]: [INFO] No supported permissions system found! Permissions are disabled!
[11-07 22:18:51]: [WARN] WARNING! The protectInventory feature requires ProtocolLib! Disabling it...
[11-07 22:18:51]: [INFO] AuthMe 5.6.0-SNAPSHOT build n.2501 successfully enabled!
[11-07 22:18:52]: [INFO] Downloading GEO IP database, because the old database is older than 30 days or doesn't exist
[11-07 22:18:52]: [WARN] No MaxMind credentials found in the configuration file! GeoIp protections will be disabled.
[11-07 22:18:52]: [INFO] There is no newer GEO IP database uploaded to MaxMind. Using the old one for now.
[11-07 22:18:52]: [WARN] Could not download GeoLiteAPI database [FileNotFoundException]: plugins\AuthMe\GeoLite2-Country.mmdb (系统找不到指定的文件。)
[11-07 22:18:52]: java.io.FileNotFoundException: plugins\AuthMe\GeoLite2-Country.mmdb (系统找不到指定的文件。)
	at java.base/java.io.RandomAccessFile.open0(Native Method)
	at java.base/java.io.RandomAccessFile.open(RandomAccessFile.java:343)
	at java.base/java.io.RandomAccessFile.<init>(RandomAccessFile.java:258)
	at java.base/java.io.RandomAccessFile.<init>(RandomAccessFile.java:213)
	at AuthMe-5.6.0-SNAPSHOT.jar//fr.xephi.authme.libs.com.maxmind.db.BufferHolder.<init>(BufferHolder.java:20)
	at AuthMe-5.6.0-SNAPSHOT.jar//fr.xephi.authme.libs.com.maxmind.db.Reader.<init>(Reader.java:121)
	at AuthMe-5.6.0-SNAPSHOT.jar//fr.xephi.authme.service.GeoIpService.startReading(GeoIpService.java:173)
	at AuthMe-5.6.0-SNAPSHOT.jar//fr.xephi.authme.service.GeoIpService.updateDatabase(GeoIpService.java:144)
	at org.bukkit.craftbukkit.v1_17_R1.scheduler.CraftTask.run(CraftTask.java:101)
	at org.bukkit.craftbukkit.v1_17_R1.scheduler.CraftAsyncTask.run(CraftAsyncTask.java:57)
	at com.destroystokyo.paper.ServerSchedulerReportingWrapper.run(ServerSchedulerReportingWrapper.java:22)
	at java.base/java.util.concurrent.ThreadPoolExecutor.runWorker(ThreadPoolExecutor.java:1130)
	at java.base/java.util.concurrent.ThreadPoolExecutor$Worker.run(ThreadPoolExecutor.java:630)
	at java.base/java.lang.Thread.run(Thread.java:831)

[11-07 22:21:38]: [INFO] SQLite Setup finished
[11-07 22:21:38]: [INFO] No supported permissions system found! Permissions are disabled!
[11-07 22:21:38]: [WARN] WARNING! The protectInventory feature requires ProtocolLib! Disabling it...
[11-07 22:21:38]: [INFO] AuthMe 5.6.0-SNAPSHOT build n.2501 successfully enabled!
[11-07 22:21:39]: [INFO] Downloading GEO IP database, because the old database is older than 30 days or doesn't exist
[11-07 22:21:39]: [WARN] No MaxMind credentials found in the configuration file! GeoIp protections will be disabled.
[11-07 22:21:39]: [INFO] There is no newer GEO IP database uploaded to MaxMind. Using the old one for now.
[11-07 22:21:39]: [WARN] Could not download GeoLiteAPI database [FileNotFoundException]: plugins\AuthMe\GeoLite2-Country.mmdb (系统找不到指定的文件。)
[11-07 22:21:39]: java.io.FileNotFoundException: plugins\AuthMe\GeoLite2-Country.mmdb (系统找不到指定的文件。)
	at java.base/java.io.RandomAccessFile.open0(Native Method)
	at java.base/java.io.RandomAccessFile.open(RandomAccessFile.java:343)
	at java.base/java.io.RandomAccessFile.<init>(RandomAccessFile.java:258)
	at java.base/java.io.RandomAccessFile.<init>(RandomAccessFile.java:213)
	at AuthMe-5.6.0-SNAPSHOT.jar//fr.xephi.authme.libs.com.maxmind.db.BufferHolder.<init>(BufferHolder.java:20)
	at AuthMe-5.6.0-SNAPSHOT.jar//fr.xephi.authme.libs.com.maxmind.db.Reader.<init>(Reader.java:121)
	at AuthMe-5.6.0-SNAPSHOT.jar//fr.xephi.authme.service.GeoIpService.startReading(GeoIpService.java:173)
	at AuthMe-5.6.0-SNAPSHOT.jar//fr.xephi.authme.service.GeoIpService.updateDatabase(GeoIpService.java:144)
	at org.bukkit.craftbukkit.v1_17_R1.scheduler.CraftTask.run(CraftTask.java:101)
	at org.bukkit.craftbukkit.v1_17_R1.scheduler.CraftAsyncTask.run(CraftAsyncTask.java:57)
	at com.destroystokyo.paper.ServerSchedulerReportingWrapper.run(ServerSchedulerReportingWrapper.java:22)
	at java.base/java.util.concurrent.ThreadPoolExecutor.runWorker(ThreadPoolExecutor.java:1130)
	at java.base/java.util.concurrent.ThreadPoolExecutor$Worker.run(ThreadPoolExecutor.java:630)
	at java.base/java.lang.Thread.run(Thread.java:831)

[11-07 22:35:30]: [INFO] SQLite Setup finished
[11-07 22:35:31]: [INFO] No supported permissions system found! Permissions are disabled!
[11-07 22:35:31]: [WARN] WARNING! The protectInventory feature requires ProtocolLib! Disabling it...
[11-07 22:35:31]: [INFO] AuthMe 5.6.0-SNAPSHOT build n.2501 successfully enabled!
[11-07 22:35:31]: [INFO] Downloading GEO IP database, because the old database is older than 30 days or doesn't exist
[11-07 22:35:31]: [WARN] No MaxMind credentials found in the configuration file! GeoIp protections will be disabled.
[11-07 22:35:31]: [INFO] There is no newer GEO IP database uploaded to MaxMind. Using the old one for now.
[11-07 22:35:31]: [WARN] Could not download GeoLiteAPI database [FileNotFoundException]: plugins\AuthMe\GeoLite2-Country.mmdb (系统找不到指定的文件。)
[11-07 22:35:31]: java.io.FileNotFoundException: plugins\AuthMe\GeoLite2-Country.mmdb (系统找不到指定的文件。)
	at java.base/java.io.RandomAccessFile.open0(Native Method)
	at java.base/java.io.RandomAccessFile.open(RandomAccessFile.java:343)
	at java.base/java.io.RandomAccessFile.<init>(RandomAccessFile.java:258)
	at java.base/java.io.RandomAccessFile.<init>(RandomAccessFile.java:213)
	at AuthMe-5.6.0-SNAPSHOT.jar//fr.xephi.authme.libs.com.maxmind.db.BufferHolder.<init>(BufferHolder.java:20)
	at AuthMe-5.6.0-SNAPSHOT.jar//fr.xephi.authme.libs.com.maxmind.db.Reader.<init>(Reader.java:121)
	at AuthMe-5.6.0-SNAPSHOT.jar//fr.xephi.authme.service.GeoIpService.startReading(GeoIpService.java:173)
	at AuthMe-5.6.0-SNAPSHOT.jar//fr.xephi.authme.service.GeoIpService.updateDatabase(GeoIpService.java:144)
	at org.bukkit.craftbukkit.v1_17_R1.scheduler.CraftTask.run(CraftTask.java:101)
	at org.bukkit.craftbukkit.v1_17_R1.scheduler.CraftAsyncTask.run(CraftAsyncTask.java:57)
	at com.destroystokyo.paper.ServerSchedulerReportingWrapper.run(ServerSchedulerReportingWrapper.java:22)
	at java.base/java.util.concurrent.ThreadPoolExecutor.runWorker(ThreadPoolExecutor.java:1130)
	at java.base/java.util.concurrent.ThreadPoolExecutor$Worker.run(ThreadPoolExecutor.java:630)
	at java.base/java.lang.Thread.run(Thread.java:831)

[11-08 09:20:27]: [INFO] SQLite Setup finished
[11-08 09:20:28]: [INFO] No supported permissions system found! Permissions are disabled!
[11-08 09:20:29]: [INFO] AuthMe 5.6.0-SNAPSHOT build n.2501 successfully enabled!
[11-08 09:20:29]: [INFO] Downloading GEO IP database, because the old database is older than 30 days or doesn't exist
[11-08 09:20:29]: [WARN] No MaxMind credentials found in the configuration file! GeoIp protections will be disabled.
[11-08 09:20:29]: [INFO] There is no newer GEO IP database uploaded to MaxMind. Using the old one for now.
[11-08 09:20:29]: [WARN] Could not download GeoLiteAPI database [FileNotFoundException]: plugins\AuthMe\GeoLite2-Country.mmdb (系统找不到指定的文件。)
[11-08 09:20:29]: java.io.FileNotFoundException: plugins\AuthMe\GeoLite2-Country.mmdb (系统找不到指定的文件。)
	at java.base/java.io.RandomAccessFile.open0(Native Method)
	at java.base/java.io.RandomAccessFile.open(RandomAccessFile.java:343)
	at java.base/java.io.RandomAccessFile.<init>(RandomAccessFile.java:258)
	at java.base/java.io.RandomAccessFile.<init>(RandomAccessFile.java:213)
	at AuthMe-5.6.0-SNAPSHOT.jar//fr.xephi.authme.libs.com.maxmind.db.BufferHolder.<init>(BufferHolder.java:20)
	at AuthMe-5.6.0-SNAPSHOT.jar//fr.xephi.authme.libs.com.maxmind.db.Reader.<init>(Reader.java:121)
	at AuthMe-5.6.0-SNAPSHOT.jar//fr.xephi.authme.service.GeoIpService.startReading(GeoIpService.java:173)
	at AuthMe-5.6.0-SNAPSHOT.jar//fr.xephi.authme.service.GeoIpService.updateDatabase(GeoIpService.java:144)
	at org.bukkit.craftbukkit.v1_17_R1.scheduler.CraftTask.run(CraftTask.java:101)
	at org.bukkit.craftbukkit.v1_17_R1.scheduler.CraftAsyncTask.run(CraftAsyncTask.java:57)
	at com.destroystokyo.paper.ServerSchedulerReportingWrapper.run(ServerSchedulerReportingWrapper.java:22)
	at java.base/java.util.concurrent.ThreadPoolExecutor.runWorker(ThreadPoolExecutor.java:1130)
	at java.base/java.util.concurrent.ThreadPoolExecutor$Worker.run(ThreadPoolExecutor.java:630)
	at java.base/java.lang.Thread.run(Thread.java:831)

[11-08 09:24:16]: [INFO] SQLite Setup finished
[11-08 09:24:16]: [INFO] No supported permissions system found! Permissions are disabled!
[11-08 09:24:17]: [INFO] AuthMe 5.6.0-SNAPSHOT build n.2501 successfully enabled!
[11-08 09:24:17]: [INFO] Downloading GEO IP database, because the old database is older than 30 days or doesn't exist
[11-08 09:24:17]: [WARN] No MaxMind credentials found in the configuration file! GeoIp protections will be disabled.
[11-08 09:24:17]: [INFO] There is no newer GEO IP database uploaded to MaxMind. Using the old one for now.
[11-08 09:24:17]: [WARN] Could not download GeoLiteAPI database [FileNotFoundException]: plugins\AuthMe\GeoLite2-Country.mmdb (系统找不到指定的文件。)
[11-08 09:24:17]: java.io.FileNotFoundException: plugins\AuthMe\GeoLite2-Country.mmdb (系统找不到指定的文件。)
	at java.base/java.io.RandomAccessFile.open0(Native Method)
	at java.base/java.io.RandomAccessFile.open(RandomAccessFile.java:343)
	at java.base/java.io.RandomAccessFile.<init>(RandomAccessFile.java:258)
	at java.base/java.io.RandomAccessFile.<init>(RandomAccessFile.java:213)
	at AuthMe-5.6.0-SNAPSHOT.jar//fr.xephi.authme.libs.com.maxmind.db.BufferHolder.<init>(BufferHolder.java:20)
	at AuthMe-5.6.0-SNAPSHOT.jar//fr.xephi.authme.libs.com.maxmind.db.Reader.<init>(Reader.java:121)
	at AuthMe-5.6.0-SNAPSHOT.jar//fr.xephi.authme.service.GeoIpService.startReading(GeoIpService.java:173)
	at AuthMe-5.6.0-SNAPSHOT.jar//fr.xephi.authme.service.GeoIpService.updateDatabase(GeoIpService.java:144)
	at org.bukkit.craftbukkit.v1_17_R1.scheduler.CraftTask.run(CraftTask.java:101)
	at org.bukkit.craftbukkit.v1_17_R1.scheduler.CraftAsyncTask.run(CraftAsyncTask.java:57)
	at com.destroystokyo.paper.ServerSchedulerReportingWrapper.run(ServerSchedulerReportingWrapper.java:22)
	at java.base/java.util.concurrent.ThreadPoolExecutor.runWorker(ThreadPoolExecutor.java:1130)
	at java.base/java.util.concurrent.ThreadPoolExecutor$Worker.run(ThreadPoolExecutor.java:630)
	at java.base/java.lang.Thread.run(Thread.java:831)

[11-08 09:27:56]: [INFO] SQLite Setup finished
[11-08 09:27:56]: [INFO] No supported permissions system found! Permissions are disabled!
[11-08 09:27:57]: [INFO] AuthMe 5.6.0-SNAPSHOT build n.2501 successfully enabled!
[11-08 09:27:57]: [INFO] Downloading GEO IP database, because the old database is older than 30 days or doesn't exist
[11-08 09:27:58]: [WARN] No MaxMind credentials found in the configuration file! GeoIp protections will be disabled.
[11-08 09:27:58]: [INFO] There is no newer GEO IP database uploaded to MaxMind. Using the old one for now.
[11-08 09:27:58]: [WARN] Could not download GeoLiteAPI database [FileNotFoundException]: plugins\AuthMe\GeoLite2-Country.mmdb (系统找不到指定的文件。)
[11-08 09:27:58]: java.io.FileNotFoundException: plugins\AuthMe\GeoLite2-Country.mmdb (系统找不到指定的文件。)
	at java.base/java.io.RandomAccessFile.open0(Native Method)
	at java.base/java.io.RandomAccessFile.open(RandomAccessFile.java:343)
	at java.base/java.io.RandomAccessFile.<init>(RandomAccessFile.java:258)
	at java.base/java.io.RandomAccessFile.<init>(RandomAccessFile.java:213)
	at AuthMe-5.6.0-SNAPSHOT.jar//fr.xephi.authme.libs.com.maxmind.db.BufferHolder.<init>(BufferHolder.java:20)
	at AuthMe-5.6.0-SNAPSHOT.jar//fr.xephi.authme.libs.com.maxmind.db.Reader.<init>(Reader.java:121)
	at AuthMe-5.6.0-SNAPSHOT.jar//fr.xephi.authme.service.GeoIpService.startReading(GeoIpService.java:173)
	at AuthMe-5.6.0-SNAPSHOT.jar//fr.xephi.authme.service.GeoIpService.updateDatabase(GeoIpService.java:144)
	at org.bukkit.craftbukkit.v1_17_R1.scheduler.CraftTask.run(CraftTask.java:101)
	at org.bukkit.craftbukkit.v1_17_R1.scheduler.CraftAsyncTask.run(CraftAsyncTask.java:57)
	at com.destroystokyo.paper.ServerSchedulerReportingWrapper.run(ServerSchedulerReportingWrapper.java:22)
	at java.base/java.util.concurrent.ThreadPoolExecutor.runWorker(ThreadPoolExecutor.java:1130)
	at java.base/java.util.concurrent.ThreadPoolExecutor$Worker.run(ThreadPoolExecutor.java:630)
	at java.base/java.lang.Thread.run(Thread.java:831)

[11-08 09:30:17]: [FINE] Normally_422 registered 127.0.0.1
[11-08 09:30:17]: [FINE] Normally_422 logged in 127.0.0.1
[11-08 09:30:48]: [FINE] Normally_422 logged in 127.0.0.1
[11-08 10:14:27]: [INFO] SQLite Setup finished
[11-08 10:14:27]: [INFO] No supported permissions system found! Permissions are disabled!
[11-08 10:14:29]: [INFO] AuthMe 5.6.0-SNAPSHOT build n.2501 successfully enabled!
[11-08 10:14:29]: [INFO] Downloading GEO IP database, because the old database is older than 30 days or doesn't exist
[11-08 10:14:29]: [WARN] No MaxMind credentials found in the configuration file! GeoIp protections will be disabled.
[11-08 10:14:29]: [INFO] There is no newer GEO IP database uploaded to MaxMind. Using the old one for now.
[11-08 10:14:29]: [WARN] Could not download GeoLiteAPI database [FileNotFoundException]: plugins\AuthMe\GeoLite2-Country.mmdb (系统找不到指定的文件。)
[11-08 10:14:29]: java.io.FileNotFoundException: plugins\AuthMe\GeoLite2-Country.mmdb (系统找不到指定的文件。)
	at java.base/java.io.RandomAccessFile.open0(Native Method)
	at java.base/java.io.RandomAccessFile.open(RandomAccessFile.java:343)
	at java.base/java.io.RandomAccessFile.<init>(RandomAccessFile.java:258)
	at java.base/java.io.RandomAccessFile.<init>(RandomAccessFile.java:213)
	at AuthMe-5.6.0-SNAPSHOT.jar//fr.xephi.authme.libs.com.maxmind.db.BufferHolder.<init>(BufferHolder.java:20)
	at AuthMe-5.6.0-SNAPSHOT.jar//fr.xephi.authme.libs.com.maxmind.db.Reader.<init>(Reader.java:121)
	at AuthMe-5.6.0-SNAPSHOT.jar//fr.xephi.authme.service.GeoIpService.startReading(GeoIpService.java:173)
	at AuthMe-5.6.0-SNAPSHOT.jar//fr.xephi.authme.service.GeoIpService.updateDatabase(GeoIpService.java:144)
	at org.bukkit.craftbukkit.v1_17_R1.scheduler.CraftTask.run(CraftTask.java:101)
	at org.bukkit.craftbukkit.v1_17_R1.scheduler.CraftAsyncTask.run(CraftAsyncTask.java:57)
	at com.destroystokyo.paper.ServerSchedulerReportingWrapper.run(ServerSchedulerReportingWrapper.java:22)
	at java.base/java.util.concurrent.ThreadPoolExecutor.runWorker(ThreadPoolExecutor.java:1130)
	at java.base/java.util.concurrent.ThreadPoolExecutor$Worker.run(ThreadPoolExecutor.java:630)
	at java.base/java.lang.Thread.run(Thread.java:831)

[11-08 10:16:41]: [FINE] Normally_422 logged in 127.0.0.1
[11-08 10:17:57]: [FINE] Normally_422 logged in 127.0.0.1
[11-08 15:11:16]: [INFO] SQLite Setup finished
[11-08 15:11:17]: [INFO] No supported permissions system found! Permissions are disabled!
[11-08 15:11:18]: [INFO] AuthMe 5.6.0-SNAPSHOT build n.2501 successfully enabled!
[11-08 15:11:19]: [INFO] Downloading GEO IP database, because the old database is older than 30 days or doesn't exist
[11-08 15:11:19]: [WARN] No MaxMind credentials found in the configuration file! GeoIp protections will be disabled.
[11-08 15:11:19]: [INFO] There is no newer GEO IP database uploaded to MaxMind. Using the old one for now.
[11-08 15:11:19]: [WARN] Could not download GeoLiteAPI database [FileNotFoundException]: plugins\AuthMe\GeoLite2-Country.mmdb (系统找不到指定的文件。)
[11-08 15:11:19]: java.io.FileNotFoundException: plugins\AuthMe\GeoLite2-Country.mmdb (系统找不到指定的文件。)
	at java.base/java.io.RandomAccessFile.open0(Native Method)
	at java.base/java.io.RandomAccessFile.open(RandomAccessFile.java:343)
	at java.base/java.io.RandomAccessFile.<init>(RandomAccessFile.java:258)
	at java.base/java.io.RandomAccessFile.<init>(RandomAccessFile.java:213)
	at AuthMe-5.6.0-SNAPSHOT.jar//fr.xephi.authme.libs.com.maxmind.db.BufferHolder.<init>(BufferHolder.java:20)
	at AuthMe-5.6.0-SNAPSHOT.jar//fr.xephi.authme.libs.com.maxmind.db.Reader.<init>(Reader.java:121)
	at AuthMe-5.6.0-SNAPSHOT.jar//fr.xephi.authme.service.GeoIpService.startReading(GeoIpService.java:173)
	at AuthMe-5.6.0-SNAPSHOT.jar//fr.xephi.authme.service.GeoIpService.updateDatabase(GeoIpService.java:144)
	at org.bukkit.craftbukkit.v1_17_R1.scheduler.CraftTask.run(CraftTask.java:101)
	at org.bukkit.craftbukkit.v1_17_R1.scheduler.CraftAsyncTask.run(CraftAsyncTask.java:57)
	at com.destroystokyo.paper.ServerSchedulerReportingWrapper.run(ServerSchedulerReportingWrapper.java:22)
	at java.base/java.util.concurrent.ThreadPoolExecutor.runWorker(ThreadPoolExecutor.java:1130)
	at java.base/java.util.concurrent.ThreadPoolExecutor$Worker.run(ThreadPoolExecutor.java:630)
	at java.base/java.lang.Thread.run(Thread.java:831)

[11-08 15:52:49]: [INFO] SQLite Setup finished
[11-08 15:52:50]: [INFO] No supported permissions system found! Permissions are disabled!
[11-08 15:52:50]: [INFO] AuthMe 5.6.0-SNAPSHOT build n.2501 successfully enabled!
[11-08 15:52:52]: [INFO] Downloading GEO IP database, because the old database is older than 30 days or doesn't exist
[11-08 15:52:52]: [WARN] No MaxMind credentials found in the configuration file! GeoIp protections will be disabled.
[11-08 15:52:52]: [INFO] There is no newer GEO IP database uploaded to MaxMind. Using the old one for now.
[11-08 15:52:52]: [WARN] Could not download GeoLiteAPI database [FileNotFoundException]: plugins\AuthMe\GeoLite2-Country.mmdb (系统找不到指定的文件。)
[11-08 15:52:52]: java.io.FileNotFoundException: plugins\AuthMe\GeoLite2-Country.mmdb (系统找不到指定的文件。)
	at java.base/java.io.RandomAccessFile.open0(Native Method)
	at java.base/java.io.RandomAccessFile.open(RandomAccessFile.java:343)
	at java.base/java.io.RandomAccessFile.<init>(RandomAccessFile.java:258)
	at java.base/java.io.RandomAccessFile.<init>(RandomAccessFile.java:213)
	at AuthMe-5.6.0-SNAPSHOT.jar//fr.xephi.authme.libs.com.maxmind.db.BufferHolder.<init>(BufferHolder.java:20)
	at AuthMe-5.6.0-SNAPSHOT.jar//fr.xephi.authme.libs.com.maxmind.db.Reader.<init>(Reader.java:121)
	at AuthMe-5.6.0-SNAPSHOT.jar//fr.xephi.authme.service.GeoIpService.startReading(GeoIpService.java:173)
	at AuthMe-5.6.0-SNAPSHOT.jar//fr.xephi.authme.service.GeoIpService.updateDatabase(GeoIpService.java:144)
	at org.bukkit.craftbukkit.v1_17_R1.scheduler.CraftTask.run(CraftTask.java:101)
	at org.bukkit.craftbukkit.v1_17_R1.scheduler.CraftAsyncTask.run(CraftAsyncTask.java:57)
	at com.destroystokyo.paper.ServerSchedulerReportingWrapper.run(ServerSchedulerReportingWrapper.java:22)
	at java.base/java.util.concurrent.ThreadPoolExecutor.runWorker(ThreadPoolExecutor.java:1130)
	at java.base/java.util.concurrent.ThreadPoolExecutor$Worker.run(ThreadPoolExecutor.java:630)
	at java.base/java.lang.Thread.run(Thread.java:831)

[11-08 16:07:11]: [INFO] SQLite Setup finished
[11-08 16:07:11]: [INFO] No supported permissions system found! Permissions are disabled!
[11-08 16:07:12]: [INFO] AuthMe 5.6.0-SNAPSHOT build n.2501 successfully enabled!
[11-08 16:07:13]: [INFO] Downloading GEO IP database, because the old database is older than 30 days or doesn't exist
[11-08 16:07:13]: [WARN] No MaxMind credentials found in the configuration file! GeoIp protections will be disabled.
[11-08 16:07:13]: [INFO] There is no newer GEO IP database uploaded to MaxMind. Using the old one for now.
[11-08 16:07:13]: [WARN] Could not download GeoLiteAPI database [FileNotFoundException]: plugins\AuthMe\GeoLite2-Country.mmdb (系统找不到指定的文件。)
[11-08 16:07:13]: java.io.FileNotFoundException: plugins\AuthMe\GeoLite2-Country.mmdb (系统找不到指定的文件。)
	at java.base/java.io.RandomAccessFile.open0(Native Method)
	at java.base/java.io.RandomAccessFile.open(RandomAccessFile.java:343)
	at java.base/java.io.RandomAccessFile.<init>(RandomAccessFile.java:258)
	at java.base/java.io.RandomAccessFile.<init>(RandomAccessFile.java:213)
	at AuthMe-5.6.0-SNAPSHOT.jar//fr.xephi.authme.libs.com.maxmind.db.BufferHolder.<init>(BufferHolder.java:20)
	at AuthMe-5.6.0-SNAPSHOT.jar//fr.xephi.authme.libs.com.maxmind.db.Reader.<init>(Reader.java:121)
	at AuthMe-5.6.0-SNAPSHOT.jar//fr.xephi.authme.service.GeoIpService.startReading(GeoIpService.java:173)
	at AuthMe-5.6.0-SNAPSHOT.jar//fr.xephi.authme.service.GeoIpService.updateDatabase(GeoIpService.java:144)
	at org.bukkit.craftbukkit.v1_17_R1.scheduler.CraftTask.run(CraftTask.java:101)
	at org.bukkit.craftbukkit.v1_17_R1.scheduler.CraftAsyncTask.run(CraftAsyncTask.java:57)
	at com.destroystokyo.paper.ServerSchedulerReportingWrapper.run(ServerSchedulerReportingWrapper.java:22)
	at java.base/java.util.concurrent.ThreadPoolExecutor.runWorker(ThreadPoolExecutor.java:1130)
	at java.base/java.util.concurrent.ThreadPoolExecutor$Worker.run(ThreadPoolExecutor.java:630)
	at java.base/java.lang.Thread.run(Thread.java:831)

[11-08 16:53:35]: [INFO] SQLite Setup finished
[11-08 16:53:35]: [INFO] No supported permissions system found! Permissions are disabled!
[11-08 16:53:36]: [INFO] AuthMe 5.6.0-SNAPSHOT build n.2501 successfully enabled!
[11-08 16:53:38]: [INFO] Downloading GEO IP database, because the old database is older than 30 days or doesn't exist
[11-08 16:53:38]: [WARN] No MaxMind credentials found in the configuration file! GeoIp protections will be disabled.
[11-08 16:53:38]: [INFO] There is no newer GEO IP database uploaded to MaxMind. Using the old one for now.
[11-08 16:53:38]: [WARN] Could not download GeoLiteAPI database [FileNotFoundException]: plugins\AuthMe\GeoLite2-Country.mmdb (系统找不到指定的文件。)
[11-08 16:53:38]: java.io.FileNotFoundException: plugins\AuthMe\GeoLite2-Country.mmdb (系统找不到指定的文件。)
	at java.base/java.io.RandomAccessFile.open0(Native Method)
	at java.base/java.io.RandomAccessFile.open(RandomAccessFile.java:343)
	at java.base/java.io.RandomAccessFile.<init>(RandomAccessFile.java:258)
	at java.base/java.io.RandomAccessFile.<init>(RandomAccessFile.java:213)
	at AuthMe-5.6.0-SNAPSHOT.jar//fr.xephi.authme.libs.com.maxmind.db.BufferHolder.<init>(BufferHolder.java:20)
	at AuthMe-5.6.0-SNAPSHOT.jar//fr.xephi.authme.libs.com.maxmind.db.Reader.<init>(Reader.java:121)
	at AuthMe-5.6.0-SNAPSHOT.jar//fr.xephi.authme.service.GeoIpService.startReading(GeoIpService.java:173)
	at AuthMe-5.6.0-SNAPSHOT.jar//fr.xephi.authme.service.GeoIpService.updateDatabase(GeoIpService.java:144)
	at org.bukkit.craftbukkit.v1_17_R1.scheduler.CraftTask.run(CraftTask.java:101)
	at org.bukkit.craftbukkit.v1_17_R1.scheduler.CraftAsyncTask.run(CraftAsyncTask.java:57)
	at com.destroystokyo.paper.ServerSchedulerReportingWrapper.run(ServerSchedulerReportingWrapper.java:22)
	at java.base/java.util.concurrent.ThreadPoolExecutor.runWorker(ThreadPoolExecutor.java:1130)
	at java.base/java.util.concurrent.ThreadPoolExecutor$Worker.run(ThreadPoolExecutor.java:630)
	at java.base/java.lang.Thread.run(Thread.java:831)

[11-08 17:07:43]: [INFO] SQLite Setup finished
[11-08 17:07:44]: [INFO] No supported permissions system found! Permissions are disabled!
[11-08 17:07:44]: [INFO] AuthMe 5.6.0-SNAPSHOT build n.2501 successfully enabled!
[11-08 17:07:45]: [INFO] Downloading GEO IP database, because the old database is older than 30 days or doesn't exist
[11-08 17:07:45]: [WARN] No MaxMind credentials found in the configuration file! GeoIp protections will be disabled.
[11-08 17:07:45]: [INFO] There is no newer GEO IP database uploaded to MaxMind. Using the old one for now.
[11-08 17:07:45]: [WARN] Could not download GeoLiteAPI database [FileNotFoundException]: plugins\AuthMe\GeoLite2-Country.mmdb (系统找不到指定的文件。)
[11-08 17:07:45]: java.io.FileNotFoundException: plugins\AuthMe\GeoLite2-Country.mmdb (系统找不到指定的文件。)
	at java.base/java.io.RandomAccessFile.open0(Native Method)
	at java.base/java.io.RandomAccessFile.open(RandomAccessFile.java:343)
	at java.base/java.io.RandomAccessFile.<init>(RandomAccessFile.java:258)
	at java.base/java.io.RandomAccessFile.<init>(RandomAccessFile.java:213)
	at AuthMe-5.6.0-SNAPSHOT.jar//fr.xephi.authme.libs.com.maxmind.db.BufferHolder.<init>(BufferHolder.java:20)
	at AuthMe-5.6.0-SNAPSHOT.jar//fr.xephi.authme.libs.com.maxmind.db.Reader.<init>(Reader.java:121)
	at AuthMe-5.6.0-SNAPSHOT.jar//fr.xephi.authme.service.GeoIpService.startReading(GeoIpService.java:173)
	at AuthMe-5.6.0-SNAPSHOT.jar//fr.xephi.authme.service.GeoIpService.updateDatabase(GeoIpService.java:144)
	at org.bukkit.craftbukkit.v1_17_R1.scheduler.CraftTask.run(CraftTask.java:101)
	at org.bukkit.craftbukkit.v1_17_R1.scheduler.CraftAsyncTask.run(CraftAsyncTask.java:57)
	at com.destroystokyo.paper.ServerSchedulerReportingWrapper.run(ServerSchedulerReportingWrapper.java:22)
	at java.base/java.util.concurrent.ThreadPoolExecutor.runWorker(ThreadPoolExecutor.java:1130)
	at java.base/java.util.concurrent.ThreadPoolExecutor$Worker.run(ThreadPoolExecutor.java:630)
	at java.base/java.lang.Thread.run(Thread.java:831)

[11-08 19:05:04]: [INFO] SQLite Setup finished
[11-08 19:05:05]: [INFO] No supported permissions system found! Permissions are disabled!
[11-08 19:05:06]: [INFO] AuthMe 5.6.0-SNAPSHOT build n.2501 successfully enabled!
[11-08 19:05:08]: [INFO] Downloading GEO IP database, because the old database is older than 30 days or doesn't exist
[11-08 19:05:08]: [WARN] No MaxMind credentials found in the configuration file! GeoIp protections will be disabled.
[11-08 19:05:08]: [INFO] There is no newer GEO IP database uploaded to MaxMind. Using the old one for now.
[11-08 19:05:08]: [WARN] Could not download GeoLiteAPI database [FileNotFoundException]: plugins\AuthMe\GeoLite2-Country.mmdb (系统找不到指定的文件。)
[11-08 19:05:08]: java.io.FileNotFoundException: plugins\AuthMe\GeoLite2-Country.mmdb (系统找不到指定的文件。)
	at java.base/java.io.RandomAccessFile.open0(Native Method)
	at java.base/java.io.RandomAccessFile.open(RandomAccessFile.java:343)
	at java.base/java.io.RandomAccessFile.<init>(RandomAccessFile.java:258)
	at java.base/java.io.RandomAccessFile.<init>(RandomAccessFile.java:213)
	at AuthMe-5.6.0-SNAPSHOT.jar//fr.xephi.authme.libs.com.maxmind.db.BufferHolder.<init>(BufferHolder.java:20)
	at AuthMe-5.6.0-SNAPSHOT.jar//fr.xephi.authme.libs.com.maxmind.db.Reader.<init>(Reader.java:121)
	at AuthMe-5.6.0-SNAPSHOT.jar//fr.xephi.authme.service.GeoIpService.startReading(GeoIpService.java:173)
	at AuthMe-5.6.0-SNAPSHOT.jar//fr.xephi.authme.service.GeoIpService.updateDatabase(GeoIpService.java:144)
	at org.bukkit.craftbukkit.v1_17_R1.scheduler.CraftTask.run(CraftTask.java:101)
	at org.bukkit.craftbukkit.v1_17_R1.scheduler.CraftAsyncTask.run(CraftAsyncTask.java:57)
	at com.destroystokyo.paper.ServerSchedulerReportingWrapper.run(ServerSchedulerReportingWrapper.java:22)
	at java.base/java.util.concurrent.ThreadPoolExecutor.runWorker(ThreadPoolExecutor.java:1130)
	at java.base/java.util.concurrent.ThreadPoolExecutor$Worker.run(ThreadPoolExecutor.java:630)
	at java.base/java.lang.Thread.run(Thread.java:831)

[11-09 08:53:49]: [INFO] AuthMe 5.6.0-SNAPSHOT-b2501 disabled!
[11-09 08:53:57]: [INFO] SQLite Setup finished
[11-09 08:53:57]: [INFO] No supported permissions system found! Permissions are disabled!
[11-09 08:53:57]: [INFO] AuthMe 5.6.0-SNAPSHOT build n.2501 successfully enabled!
[11-09 08:53:57]: [INFO] Downloading GEO IP database, because the old database is older than 30 days or doesn't exist
[11-09 08:53:57]: [WARN] No MaxMind credentials found in the configuration file! GeoIp protections will be disabled.
[11-09 08:53:57]: [INFO] There is no newer GEO IP database uploaded to MaxMind. Using the old one for now.
[11-09 08:53:57]: [WARN] Could not download GeoLiteAPI database [FileNotFoundException]: plugins\AuthMe\GeoLite2-Country.mmdb (系统找不到指定的文件。)
[11-09 08:53:57]: java.io.FileNotFoundException: plugins\AuthMe\GeoLite2-Country.mmdb (系统找不到指定的文件。)
	at java.base/java.io.RandomAccessFile.open0(Native Method)
	at java.base/java.io.RandomAccessFile.open(RandomAccessFile.java:343)
	at java.base/java.io.RandomAccessFile.<init>(RandomAccessFile.java:258)
	at java.base/java.io.RandomAccessFile.<init>(RandomAccessFile.java:213)
	at AuthMe-5.6.0-SNAPSHOT.jar//fr.xephi.authme.libs.com.maxmind.db.BufferHolder.<init>(BufferHolder.java:20)
	at AuthMe-5.6.0-SNAPSHOT.jar//fr.xephi.authme.libs.com.maxmind.db.Reader.<init>(Reader.java:121)
	at AuthMe-5.6.0-SNAPSHOT.jar//fr.xephi.authme.service.GeoIpService.startReading(GeoIpService.java:173)
	at AuthMe-5.6.0-SNAPSHOT.jar//fr.xephi.authme.service.GeoIpService.updateDatabase(GeoIpService.java:144)
	at org.bukkit.craftbukkit.v1_17_R1.scheduler.CraftTask.run(CraftTask.java:101)
	at org.bukkit.craftbukkit.v1_17_R1.scheduler.CraftAsyncTask.run(CraftAsyncTask.java:57)
	at com.destroystokyo.paper.ServerSchedulerReportingWrapper.run(ServerSchedulerReportingWrapper.java:22)
	at java.base/java.util.concurrent.ThreadPoolExecutor.runWorker(ThreadPoolExecutor.java:1130)
	at java.base/java.util.concurrent.ThreadPoolExecutor$Worker.run(ThreadPoolExecutor.java:630)
	at java.base/java.lang.Thread.run(Thread.java:831)

